Usage: streamlit run [OPTIONS] TARGET [ARGS]...
Try 'streamlit run --help' for help.

Error: Invalid value: File does not exist: your_app.py

  You can now view your Streamlit app in your browser.

  Local URL: http://localhost:8501
  Network URL: http://172.31.189.25:8501

2023-11-01 13:12:27.896 Uncaught app exception
Traceback (most recent call last):
  File "/home/kennyg37/.local/lib/python3.10/site-packages/pandas/compat/_optional.py", line 132, in import_optional_dependency
    module = importlib.import_module(name)
  File "/usr/lib/python3.10/importlib/__init__.py", line 126, in import_module
    return _bootstrap._gcd_import(name[level:], package, level)
  File "<frozen importlib._bootstrap>", line 1050, in _gcd_import
  File "<frozen importlib._bootstrap>", line 1027, in _find_and_load
  File "<frozen importlib._bootstrap>", line 1004, in _find_and_load_unlocked
ModuleNotFoundError: No module named 'openpyxl'

During handling of the above exception, another exception occurred:

Traceback (most recent call last):
  File "/home/kennyg37/.local/lib/python3.10/site-packages/streamlit/runtime/scriptrunner/script_runner.py", line 534, in _run_script
    exec(code, module.__dict__)
  File "/home/kennyg37/Blue-Beetles_project/Python-excel_files/homepage.py", line 6, in <module>
    ed = pd.read_excel('excel_data.xlsx')
  File "/home/kennyg37/.local/lib/python3.10/site-packages/pandas/io/excel/_base.py", line 504, in read_excel
    io = ExcelFile(
  File "/home/kennyg37/.local/lib/python3.10/site-packages/pandas/io/excel/_base.py", line 1580, in __init__
    self._reader = self._engines[engine](
  File "/home/kennyg37/.local/lib/python3.10/site-packages/pandas/io/excel/_openpyxl.py", line 552, in __init__
    import_optional_dependency("openpyxl")
  File "/home/kennyg37/.local/lib/python3.10/site-packages/pandas/compat/_optional.py", line 135, in import_optional_dependency
    raise ImportError(msg)
ImportError: Missing optional dependency 'openpyxl'.  Use pip or conda to install openpyxl.
2023-11-01 13:12:28.060 Uncaught app exception
Traceback (most recent call last):
  File "/home/kennyg37/.local/lib/python3.10/site-packages/pandas/compat/_optional.py", line 132, in import_optional_dependency
    module = importlib.import_module(name)
  File "/usr/lib/python3.10/importlib/__init__.py", line 126, in import_module
    return _bootstrap._gcd_import(name[level:], package, level)
  File "<frozen importlib._bootstrap>", line 1050, in _gcd_import
  File "<frozen importlib._bootstrap>", line 1027, in _find_and_load
  File "<frozen importlib._bootstrap>", line 1004, in _find_and_load_unlocked
ModuleNotFoundError: No module named 'openpyxl'

During handling of the above exception, another exception occurred:

Traceback (most recent call last):
  File "/home/kennyg37/.local/lib/python3.10/site-packages/streamlit/runtime/scriptrunner/script_runner.py", line 534, in _run_script
    exec(code, module.__dict__)
  File "/home/kennyg37/Blue-Beetles_project/Python-excel_files/homepage.py", line 6, in <module>
    ed = pd.read_excel('excel_data.xlsx')
  File "/home/kennyg37/.local/lib/python3.10/site-packages/pandas/io/excel/_base.py", line 504, in read_excel
    io = ExcelFile(
  File "/home/kennyg37/.local/lib/python3.10/site-packages/pandas/io/excel/_base.py", line 1580, in __init__
    self._reader = self._engines[engine](
  File "/home/kennyg37/.local/lib/python3.10/site-packages/pandas/io/excel/_openpyxl.py", line 552, in __init__
    import_optional_dependency("openpyxl")
  File "/home/kennyg37/.local/lib/python3.10/site-packages/pandas/compat/_optional.py", line 135, in import_optional_dependency
    raise ImportError(msg)
ImportError: Missing optional dependency 'openpyxl'.  Use pip or conda to install openpyxl.
2023-11-01 13:12:49.638 Uncaught app exception
Traceback (most recent call last):
  File "/home/kennyg37/.local/lib/python3.10/site-packages/pandas/compat/_optional.py", line 132, in import_optional_dependency
    module = importlib.import_module(name)
  File "/usr/lib/python3.10/importlib/__init__.py", line 126, in import_module
    return _bootstrap._gcd_import(name[level:], package, level)
  File "<frozen importlib._bootstrap>", line 1050, in _gcd_import
  File "<frozen importlib._bootstrap>", line 1027, in _find_and_load
  File "<frozen importlib._bootstrap>", line 1004, in _find_and_load_unlocked
ModuleNotFoundError: No module named 'openpyxl'

During handling of the above exception, another exception occurred:

Traceback (most recent call last):
  File "/home/kennyg37/.local/lib/python3.10/site-packages/streamlit/runtime/scriptrunner/script_runner.py", line 534, in _run_script
    exec(code, module.__dict__)
  File "/home/kennyg37/Blue-Beetles_project/Python-excel_files/homepage.py", line 6, in <module>
    ed = pd.read_excel('excel_data.xlsx')
  File "/home/kennyg37/.local/lib/python3.10/site-packages/pandas/io/excel/_base.py", line 504, in read_excel
    io = ExcelFile(
  File "/home/kennyg37/.local/lib/python3.10/site-packages/pandas/io/excel/_base.py", line 1580, in __init__
    self._reader = self._engines[engine](
  File "/home/kennyg37/.local/lib/python3.10/site-packages/pandas/io/excel/_openpyxl.py", line 552, in __init__
    import_optional_dependency("openpyxl")
  File "/home/kennyg37/.local/lib/python3.10/site-packages/pandas/compat/_optional.py", line 135, in import_optional_dependency
    raise ImportError(msg)
ImportError: Missing optional dependency 'openpyxl'.  Use pip or conda to install openpyxl.
  Stopping...
